c:\users\joshu\source\repos\proyectoestructuradedatos\proyectoestructuradedatos\x64\debug\stack.obj
c:\users\joshu\source\repos\proyectoestructuradedatos\proyectoestructuradedatos\x64\debug\list.obj
c:\users\joshu\source\repos\proyectoestructuradedatos\proyectoestructuradedatos\x64\debug\mainwindow.obj
c:\users\joshu\source\repos\proyectoestructuradedatos\proyectoestructuradedatos\x64\debug\queue.obj
c:\users\joshu\source\repos\proyectoestructuradedatos\proyectoestructuradedatos\x64\debug\main.obj
c:\users\joshu\source\repos\proyectoestructuradedatos\proyectoestructuradedatos\x64\debug\node.obj
c:\users\joshu\source\repos\proyectoestructuradedatos\proyectoestructuradedatos\x64\debug\vc143.pdb
c:\users\joshu\source\repos\proyectoestructuradedatos\proyectoestructuradedatos\x64\debug\qrc_mainwindow.obj
c:\users\joshu\source\repos\proyectoestructuradedatos\proyectoestructuradedatos\x64\debug\moc_mainwindow.obj
c:\users\joshu\source\repos\proyectoestructuradedatos\x64\debug\proyectoestructuradedatos.ilk
c:\users\joshu\source\repos\proyectoestructuradedatos\x64\debug\proyectoestructuradedatos.exe
c:\users\joshu\source\repos\proyectoestructuradedatos\x64\debug\proyectoestructuradedatos.pdb
c:\users\joshu\source\repos\proyectoestructuradedatos\proyectoestructuradedatos\x64\debug\moc\moc_mainwindow.cpp
c:\users\joshu\source\repos\proyectoestructuradedatos\proyectoestructuradedatos\x64\debug\uic\ui_mainwindow.h
c:\users\joshu\source\repos\proyectoestructuradedatos\proyectoestructuradedatos\x64\debug\rcc\qrc_mainwindow.cpp
c:\users\joshu\source\repos\proyectoestructuradedatos\proyectoestructuradedatos\x64\debug\proyecto.19f40803.tlog\cl.12464.write.1.tlog
c:\users\joshu\source\repos\proyectoestructuradedatos\proyectoestructuradedatos\x64\debug\proyecto.19f40803.tlog\cl.command.1.tlog
c:\users\joshu\source\repos\proyectoestructuradedatos\proyectoestructuradedatos\x64\debug\proyecto.19f40803.tlog\cl.read.1.tlog
c:\users\joshu\source\repos\proyectoestructuradedatos\proyectoestructuradedatos\x64\debug\proyecto.19f40803.tlog\link.command.1.tlog
c:\users\joshu\source\repos\proyectoestructuradedatos\proyectoestructuradedatos\x64\debug\proyecto.19f40803.tlog\link.read.1.tlog
c:\users\joshu\source\repos\proyectoestructuradedatos\proyectoestructuradedatos\x64\debug\proyecto.19f40803.tlog\link.write.1.tlog
c:\users\joshu\source\repos\proyectoestructuradedatos\proyectoestructuradedatos\x64\debug\proyecto.19f40803.tlog\moc.read.1u.tlog
c:\users\joshu\source\repos\proyectoestructuradedatos\proyectoestructuradedatos\x64\debug\proyecto.19f40803.tlog\moc.write.1u.tlog
c:\users\joshu\source\repos\proyectoestructuradedatos\proyectoestructuradedatos\x64\debug\proyecto.19f40803.tlog\proyectoestructuradedatos.write.1u.tlog
c:\users\joshu\source\repos\proyectoestructuradedatos\proyectoestructuradedatos\x64\debug\proyecto.19f40803.tlog\rcc.read.1u.tlog
c:\users\joshu\source\repos\proyectoestructuradedatos\proyectoestructuradedatos\x64\debug\proyecto.19f40803.tlog\rcc.write.1u.tlog
c:\users\joshu\source\repos\proyectoestructuradedatos\proyectoestructuradedatos\x64\debug\proyecto.19f40803.tlog\uic.read.1u.tlog
c:\users\joshu\source\repos\proyectoestructuradedatos\proyectoestructuradedatos\x64\debug\proyecto.19f40803.tlog\uic.write.1u.tlog
